Arguments: 
  C:\Program Files\nodejs\node.exe C:\Users\XKU\.node\corepack\yarn\1.22.15\bin\yarn.js add --dev parcel

PATH: 
  C:\Program Files\Git\mingw64\bin;C:\Program Files\Git\usr\bin;C:\Users\XKU\bin;C:\Python310\Scripts;C:\Python310;C:\Windows\system32;C:\Windows;C:\Windows\System32\Wbem;C:\Windows\System32\WindowsPowerShell\v1.0;C:\Program Files\Git\cmd;C:\ProgramData\chocolatey\bin;%NVM_HOME%;%NVM_SYMLINK%;C:\Program Files\nodejs;C:\Users\XKU\AppData\Local\Programs\Microsoft VS Code\bin;C:\xampp\php;C:\Program Files\JetBrains\WebStorm 2021.3.2\bin;C:\Users\XKU\AppData\Roaming\nvm;C:\Program Files\nodejs;C:\Users\XKU\AppData\Roaming\npm

Yarn version: 
  1.22.15

Node version: 
  16.17.0

Platform: 
  win32 x64

Trace: 
  Error: getaddrinfo ENOTFOUND registry.yarnpkg.com
      at GetAddrInfoReqWrap.onlookup [as oncomplete] (node:dns:109:26)

npm manifest: 
  {
    "name": "forkify",
    "version": "1.0.0",
    "description": "Recipe application",
    "main": "index.html",
    "scripts": {
      "start": "parcel index.html",
      "build": "parcel build index.html"
    },
    "keywords": [],
    "author": "Akrom Xujaniyozov",
    "license": "ISC"
  }

yarn manifest: 
  No manifest

Lockfile: 
  No lockfile
